<?xml version="1.0" encoding="UTF-8"?>
<testng-results skipped="0" failed="0" ignored="0" total="1" passed="1">
  <reporter-output>
  </reporter-output>
  <suite name="Default suite" duration-ms="14535" started-at="2021-07-10T15:29:00Z" finished-at="2021-07-10T15:29:14Z">
    <groups>
    </groups>
    <test name="Default test" duration-ms="14535" started-at="2021-07-10T15:29:00Z" finished-at="2021-07-10T15:29:14Z">
      <class name="variousConcepts.LearnTestNG">
        <test-method status="PASS" signature="readConfig()[pri:0, instance:variousConcepts.LearnTestNG@47c62251]" name="readConfig" is-config="true" duration-ms="34" started-at="2021-07-10T15:29:00Z" finished-at="2021-07-10T15:29:00Z">
          <reporter-output>
          </reporter-output>
        </test-method> <!-- readConfig -->
        <test-method status="PASS" signature="init()[pri:0, instance:variousConcepts.LearnTestNG@47c62251]" name="init" is-config="true" duration-ms="6127" started-at="2021-07-10T15:29:00Z" finished-at="2021-07-10T15:29:06Z">
          <reporter-output>
          </reporter-output>
        </test-method> <!-- init -->
        <test-method status="PASS" signature="addCustomer()[pri:0, instance:variousConcepts.LearnTestNG@47c62251]" name="addCustomer" duration-ms="8328" started-at="2021-07-10T15:29:06Z" finished-at="2021-07-10T15:29:14Z">
          <reporter-output>
          </reporter-output>
        </test-method> <!-- addCustomer -->
        <test-method status="PASS" signature="afterClass()[pri:0, instance:variousConcepts.LearnTestNG@47c62251]" name="afterClass" is-config="true" duration-ms="1" started-at="2021-07-10T15:29:14Z" finished-at="2021-07-10T15:29:14Z">
          <reporter-output>
          </reporter-output>
        </test-method> <!-- afterClass -->
      </class> <!-- variousConcepts.LearnTestNG -->
    </test> <!-- Default test -->
  </suite> <!-- Default suite -->
</testng-results>
